TN:
SF:src/SimpleStakingChef.sol
FN:102,SimpleStakingChef.set
FN:123,SimpleStakingChef.pendingTokens
FN:144,SimpleStakingChef.updatePool
FN:157,SimpleStakingChef.deposit
FN:182,SimpleStakingChef.withdraw
FN:204,SimpleStakingChef.emergencyWithdraw
FN:58,SimpleStakingChef.initialize
FN:64,SimpleStakingChef.poolLength
FN:73,SimpleStakingChef.add
FNDA:1,SimpleStakingChef.set
FNDA:1,SimpleStakingChef.pendingTokens
FNDA:1,SimpleStakingChef.updatePool
FNDA:5,SimpleStakingChef.deposit
FNDA:2,SimpleStakingChef.withdraw
FNDA:1,SimpleStakingChef.emergencyWithdraw
FNDA:10,SimpleStakingChef.initialize
FNDA:1,SimpleStakingChef.poolLength
FNDA:10,SimpleStakingChef.add
FNF:9
FNH:9
DA:58,10
DA:59,10
DA:60,10
DA:64,1
DA:65,1
DA:73,10
DA:74,10
DA:76,10
DA:78,10
DA:79,10
DA:82,10
DA:84,10
DA:93,10
DA:94,10
DA:102,1
DA:106,1
DA:107,1
DA:108,1
DA:109,1
DA:110,1
DA:112,1
DA:113,1
DA:123,1
DA:133,1
DA:135,1
DA:136,1
DA:137,1
DA:138,1
DA:144,1
DA:145,8
DA:146,8
DA:147,2
DA:148,2
DA:149,2
DA:150,2
DA:157,5
DA:158,5
DA:159,5
DA:160,5
DA:162,5
DA:163,5
DA:164,5
DA:167,5
DA:168,5
DA:171,5
DA:172,5
DA:173,5
DA:176,5
DA:182,2
DA:183,2
DA:184,2
DA:185,2
DA:188,2
DA:189,2
DA:192,2
DA:193,2
DA:194,2
DA:197,2
DA:199,2
DA:204,1
DA:205,1
DA:206,1
DA:207,1
DA:208,1
DA:209,1
DA:211,1
DA:212,1
DA:213,1
DA:217,1
DA:218,1
LF:70
LH:70
end_of_record
TN:
SF:src/rewarders/SimpleRewarderPerSec.sol
FN:102,SimpleRewarderPerSec.setRewardRate
FN:114,SimpleRewarderPerSec.onVoltReward
FN:153,SimpleRewarderPerSec.pendingTokens
FN:171,SimpleRewarderPerSec.emergencyWithdraw
FN:181,SimpleRewarderPerSec.balance
FN:189,SimpleRewarderPerSec.rewardToken
FN:61,SimpleRewarderPerSec.onlyMCJ
FN:66,SimpleRewarderPerSec.constructor
FN:83,SimpleRewarderPerSec.updatePool
FNDA:1,SimpleRewarderPerSec.setRewardRate
FNDA:19,SimpleRewarderPerSec.onVoltReward
FNDA:1,SimpleRewarderPerSec.pendingTokens
FNDA:1,SimpleRewarderPerSec.emergencyWithdraw
FNDA:2,SimpleRewarderPerSec.balance
FNDA:1,SimpleRewarderPerSec.rewardToken
FNDA:19,SimpleRewarderPerSec.onlyMCJ
FNDA:10,SimpleRewarderPerSec.constructor
FNDA:0,SimpleRewarderPerSec.updatePool
FNF:9
FNH:8
DA:61,19
DA:62,19
DA:66,10
DA:69,10
DA:70,10
DA:71,10
DA:73,10
DA:74,10
DA:75,10
DA:76,10
DA:77,10
DA:78,10
DA:83,0
DA:84,20
DA:86,20
DA:87,2
DA:89,2
DA:90,2
DA:91,2
DA:92,2
DA:95,2
DA:96,2
DA:102,1
DA:103,1
DA:105,1
DA:106,1
DA:108,1
DA:114,19
DA:115,19
DA:116,19
DA:117,19
DA:118,19
DA:119,19
DA:120,3
DA:122,0
DA:123,0
DA:124,0
DA:125,0
DA:126,0
DA:127,0
DA:129,0
DA:130,0
DA:131,0
DA:134,3
DA:135,3
DA:136,2
DA:137,2
DA:139,1
DA:140,1
DA:145,19
DA:146,19
DA:147,19
DA:153,1
DA:154,1
DA:155,1
DA:157,1
DA:158,1
DA:160,1
DA:161,1
DA:162,1
DA:163,1
DA:166,1
DA:171,1
DA:172,0
DA:173,0
DA:174,0
DA:176,1
DA:181,2
DA:182,0
DA:183,0
DA:185,2
DA:189,1
DA:190,1
LF:73
LH:58
end_of_record
TN:
SF:src/test/MockERC20.sol
FN:8,MockERC20.constructor
FNDA:20,MockERC20.constructor
FNF:1
FNH:1
DA:8,20
DA:9,20
LF:2
LH:2
end_of_record
