TN:
SF:src/SimpleStakingChef.sol
FN:120,SimpleStakingChef.pendingTokens
FN:141,SimpleStakingChef.updatePool
FN:154,SimpleStakingChef.deposit
FN:179,SimpleStakingChef.withdraw
FN:201,SimpleStakingChef.emergencyWithdraw
FN:61,SimpleStakingChef.poolLength
FN:70,SimpleStakingChef.add
FN:99,SimpleStakingChef.set
FNDA:1,SimpleStakingChef.pendingTokens
FNDA:1,SimpleStakingChef.updatePool
FNDA:5,SimpleStakingChef.deposit
FNDA:2,SimpleStakingChef.withdraw
FNDA:1,SimpleStakingChef.emergencyWithdraw
FNDA:1,SimpleStakingChef.poolLength
FNDA:10,SimpleStakingChef.add
FNDA:1,SimpleStakingChef.set
FNF:8
FNH:8
DA:62,2
DA:71,20
DA:73,20
DA:75,40
DA:76,20
DA:79,20
DA:81,20
DA:90,20
DA:91,20
DA:103,2
DA:104,2
DA:105,1
DA:106,2
DA:107,2
DA:109,2
DA:110,2
DA:130,2
DA:132,4
DA:133,2
DA:134,2
DA:135,2
DA:142,16
DA:143,16
DA:144,6
DA:145,4
DA:146,4
DA:147,4
DA:155,10
DA:156,10
DA:157,10
DA:159,15
DA:160,10
DA:161,20
DA:164,10
DA:165,10
DA:168,10
DA:169,20
DA:170,10
DA:173,10
DA:180,4
DA:181,4
DA:182,4
DA:185,4
DA:186,4
DA:189,4
DA:190,8
DA:191,4
DA:194,4
DA:196,4
DA:202,2
DA:203,2
DA:204,2
DA:205,2
DA:206,2
DA:208,2
DA:209,4
DA:210,2
DA:214,2
DA:215,2
LF:59
LH:59
end_of_record
TN:
SF:src/rewarders/SimpleRewarderPerSec.sol
FN:102,SimpleRewarderPerSec.setRewardRate
FN:114,SimpleRewarderPerSec.onVoltReward
FN:153,SimpleRewarderPerSec.pendingTokens
FN:171,SimpleRewarderPerSec.emergencyWithdraw
FN:181,SimpleRewarderPerSec.balance
FN:83,SimpleRewarderPerSec.updatePool
FNDA:1,SimpleRewarderPerSec.setRewardRate
FNDA:19,SimpleRewarderPerSec.onVoltReward
FNDA:1,SimpleRewarderPerSec.pendingTokens
FNDA:1,SimpleRewarderPerSec.emergencyWithdraw
FNDA:2,SimpleRewarderPerSec.balance
FNDA:0,SimpleRewarderPerSec.updatePool
FNF:6
FNH:5
DA:84,40
DA:86,40
DA:87,6
DA:89,4
DA:90,6
DA:91,6
DA:92,4
DA:95,4
DA:96,4
DA:103,2
DA:105,2
DA:106,2
DA:108,2
DA:115,38
DA:116,38
DA:117,38
DA:118,38
DA:119,38
DA:120,6
DA:122,3
DA:123,0
DA:124,0
DA:125,0
DA:126,0
DA:127,0
DA:129,0
DA:130,0
DA:131,0
DA:134,9
DA:135,6
DA:136,4
DA:137,4
DA:139,2
DA:140,2
DA:145,38
DA:146,38
DA:147,38
DA:154,2
DA:155,2
DA:157,2
DA:158,3
DA:160,4
DA:161,3
DA:162,3
DA:163,2
DA:166,2
DA:172,1
DA:173,0
DA:174,0
DA:176,2
DA:182,2
DA:183,0
DA:185,6
LF:53
LH:42
end_of_record
